

Started GET "/" for 127.0.0.1 at 2014-09-01 12:15:39 +0200
Processing by Rails::WelcomeController#index as HTML
  Rendered /Users/savyna/.rvm/gems/ruby-2.1.2/gems/railties-4.1.4/lib/rails/templates/rails/welcome/index.html.erb (2.1ms)
Completed 200 OK in 17ms (Views: 9.0ms | ActiveRecord: 0.0ms)


Started GET "/" for 127.0.0.1 at 2014-09-01 12:16:07 +0200
Processing by Rails::WelcomeController#index as HTML
  Rendered /Users/savyna/.rvm/gems/ruby-2.1.2/gems/railties-4.1.4/lib/rails/templates/rails/welcome/index.html.erb (0.1ms)
Completed 200 OK in 2ms (Views: 1.3ms | ActiveRecord: 0.0ms)


Started GET "/" for 127.0.0.1 at 2014-09-01 12:16:37 +0200
Processing by Rails::WelcomeController#index as HTML
  Rendered /Users/savyna/.rvm/gems/ruby-2.1.2/gems/railties-4.1.4/lib/rails/templates/rails/welcome/index.html.erb (0.1ms)
Completed 200 OK in 1ms (Views: 0.9ms | ActiveRecord: 0.0ms)


Started GET "/home" for 127.0.0.1 at 2014-09-01 12:17:39 +0200

ActionController::RoutingError (No route matches [GET] "/home"):
  actionpack (4.1.4) lib/action_dispatch/middleware/debug_exceptions.rb:21:in `call'
  actionpack (4.1.4) lib/action_dispatch/middleware/show_exceptions.rb:30:in `call'
  railties (4.1.4) lib/rails/rack/logger.rb:38:in `call_app'
  railties (4.1.4) lib/rails/rack/logger.rb:20:in `block in call'
  activesupport (4.1.4) lib/active_support/tagged_logging.rb:68:in `block in tagged'
  activesupport (4.1.4) lib/active_support/tagged_logging.rb:26:in `tagged'
  activesupport (4.1.4) lib/active_support/tagged_logging.rb:68:in `tagged'
  railties (4.1.4) lib/rails/rack/logger.rb:20:in `call'
  actionpack (4.1.4) lib/action_dispatch/middleware/request_id.rb:21:in `call'
  rack (1.5.2) lib/rack/methodoverride.rb:21:in `call'
  rack (1.5.2) lib/rack/runtime.rb:17:in `call'
  activesupport (4.1.4) lib/active_support/cache/strategy/local_cache_middleware.rb:26:in `call'
  rack (1.5.2) lib/rack/lock.rb:17:in `call'
  actionpack (4.1.4) lib/action_dispatch/middleware/static.rb:64:in `call'
  rack (1.5.2) lib/rack/sendfile.rb:112:in `call'
  railties (4.1.4) lib/rails/engine.rb:514:in `call'
  railties (4.1.4) lib/rails/application.rb:144:in `call'
  rack (1.5.2) lib/rack/lock.rb:17:in `call'
  rack (1.5.2) lib/rack/content_length.rb:14:in `call'
  rack (1.5.2) lib/rack/handler/webrick.rb:60:in `service'
  /Users/savyna/.rvm/rubies/ruby-2.1.2/lib/ruby/2.1.0/webrick/httpserver.rb:138:in `service'
  /Users/savyna/.rvm/rubies/ruby-2.1.2/lib/ruby/2.1.0/webrick/httpserver.rb:94:in `run'
  /Users/savyna/.rvm/rubies/ruby-2.1.2/lib/ruby/2.1.0/webrick/server.rb:295:in `block in start_thread'


  Rendered /Users/savyna/.rvm/gems/ruby-2.1.2/gems/actionpack-4.1.4/lib/action_dispatch/middleware/templates/rescues/_trace.html.erb (1.0ms)
  Rendered /Users/savyna/.rvm/gems/ruby-2.1.2/gems/actionpack-4.1.4/lib/action_dispatch/middleware/templates/routes/_route.html.erb (0.7ms)
  Rendered /Users/savyna/.rvm/gems/ruby-2.1.2/gems/actionpack-4.1.4/lib/action_dispatch/middleware/templates/routes/_table.html.erb (6.6ms)
  Rendered /Users/savyna/.rvm/gems/ruby-2.1.2/gems/actionpack-4.1.4/lib/action_dispatch/middleware/templates/rescues/routing_error.html.erb within rescues/layout (27.0ms)


Started GET "/" for 127.0.0.1 at 2014-09-01 12:18:36 +0200
Processing by PagesController#home as HTML
  Rendered pages/home.html.erb within layouts/application (0.3ms)
Completed 200 OK in 790ms (Views: 789.5ms | ActiveRecord: 0.0ms)


Started GET "/assets/pages.css?body=1" for 127.0.0.1 at 2014-09-01 12:18:37 +0200


Started GET "/assets/pages.js?body=1" for 127.0.0.1 at 2014-09-01 12:18:37 +0200


Started GET "/assets/application.css?body=1" for 127.0.0.1 at 2014-09-01 12:18:37 +0200


Started GET "/assets/jquery.js?body=1" for 127.0.0.1 at 2014-09-01 12:18:37 +0200


Started GET "/assets/jquery_ujs.js?body=1" for 127.0.0.1 at 2014-09-01 12:18:37 +0200


Started GET "/assets/application.js?body=1" for 127.0.0.1 at 2014-09-01 12:18:37 +0200


Started GET "/assets/turbolinks.js?body=1" for 127.0.0.1 at 2014-09-01 12:18:37 +0200


Started GET "/" for 127.0.0.1 at 2014-09-01 12:29:01 +0200
Processing by PagesController#home as HTML
  Rendered pages/home.html.erb within layouts/application (0.0ms)
Completed 200 OK in 4ms (Views: 3.2ms | ActiveRecord: 0.0ms)


Started GET "/assets/pages.css?body=1" for 127.0.0.1 at 2014-09-01 12:29:01 +0200


Started GET "/assets/turbolinks.js?body=1" for 127.0.0.1 at 2014-09-01 12:29:01 +0200


Started GET "/assets/application.css?body=1" for 127.0.0.1 at 2014-09-01 12:29:01 +0200


Started GET "/assets/jquery.js?body=1" for 127.0.0.1 at 2014-09-01 12:29:01 +0200


Started GET "/assets/jquery_ujs.js?body=1" for 127.0.0.1 at 2014-09-01 12:29:01 +0200


Started GET "/assets/pages.js?body=1" for 127.0.0.1 at 2014-09-01 12:29:01 +0200


Started GET "/assets/application.js?body=1" for 127.0.0.1 at 2014-09-01 12:29:01 +0200


Started GET "/pins" for 127.0.0.1 at 2014-09-01 12:29:07 +0200

ActionController::RoutingError (No route matches [GET] "/pins"):
  actionpack (4.1.4) lib/action_dispatch/middleware/debug_exceptions.rb:21:in `call'
  actionpack (4.1.4) lib/action_dispatch/middleware/show_exceptions.rb:30:in `call'
  railties (4.1.4) lib/rails/rack/logger.rb:38:in `call_app'
  railties (4.1.4) lib/rails/rack/logger.rb:20:in `block in call'
  activesupport (4.1.4) lib/active_support/tagged_logging.rb:68:in `block in tagged'
  activesupport (4.1.4) lib/active_support/tagged_logging.rb:26:in `tagged'
  activesupport (4.1.4) lib/active_support/tagged_logging.rb:68:in `tagged'
  railties (4.1.4) lib/rails/rack/logger.rb:20:in `call'
  actionpack (4.1.4) lib/action_dispatch/middleware/request_id.rb:21:in `call'
  rack (1.5.2) lib/rack/methodoverride.rb:21:in `call'
  rack (1.5.2) lib/rack/runtime.rb:17:in `call'
  activesupport (4.1.4) lib/active_support/cache/strategy/local_cache_middleware.rb:26:in `call'
  rack (1.5.2) lib/rack/lock.rb:17:in `call'
  actionpack (4.1.4) lib/action_dispatch/middleware/static.rb:64:in `call'
  rack (1.5.2) lib/rack/sendfile.rb:112:in `call'
  railties (4.1.4) lib/rails/engine.rb:514:in `call'
  railties (4.1.4) lib/rails/application.rb:144:in `call'
  rack (1.5.2) lib/rack/lock.rb:17:in `call'
  rack (1.5.2) lib/rack/content_length.rb:14:in `call'
  rack (1.5.2) lib/rack/handler/webrick.rb:60:in `service'
  /Users/savyna/.rvm/rubies/ruby-2.1.2/lib/ruby/2.1.0/webrick/httpserver.rb:138:in `service'
  /Users/savyna/.rvm/rubies/ruby-2.1.2/lib/ruby/2.1.0/webrick/httpserver.rb:94:in `run'
  /Users/savyna/.rvm/rubies/ruby-2.1.2/lib/ruby/2.1.0/webrick/server.rb:295:in `block in start_thread'


  Rendered /Users/savyna/.rvm/gems/ruby-2.1.2/gems/actionpack-4.1.4/lib/action_dispatch/middleware/templates/rescues/_trace.html.erb (0.6ms)
  Rendered /Users/savyna/.rvm/gems/ruby-2.1.2/gems/actionpack-4.1.4/lib/action_dispatch/middleware/templates/routes/_route.html.erb (0.5ms)
  Rendered /Users/savyna/.rvm/gems/ruby-2.1.2/gems/actionpack-4.1.4/lib/action_dispatch/middleware/templates/routes/_table.html.erb (0.8ms)
  Rendered /Users/savyna/.rvm/gems/ruby-2.1.2/gems/actionpack-4.1.4/lib/action_dispatch/middleware/templates/rescues/routing_error.html.erb within rescues/layout (10.5ms)


Started GET "/about" for 127.0.0.1 at 2014-09-01 12:29:08 +0200
Processing by PagesController#about as HTML
  Rendered pages/about.html.erb within layouts/application (0.5ms)
Completed 200 OK in 4ms (Views: 3.8ms | ActiveRecord: 0.0ms)


Started GET "/assets/pages.css?body=1" for 127.0.0.1 at 2014-09-01 12:29:08 +0200


Started GET "/assets/jquery.js?body=1" for 127.0.0.1 at 2014-09-01 12:29:08 +0200


Started GET "/assets/pages.js?body=1" for 127.0.0.1 at 2014-09-01 12:29:08 +0200


Started GET "/assets/jquery_ujs.js?body=1" for 127.0.0.1 at 2014-09-01 12:29:08 +0200


Started GET "/assets/application.css?body=1" for 127.0.0.1 at 2014-09-01 12:29:08 +0200


Started GET "/assets/turbolinks.js?body=1" for 127.0.0.1 at 2014-09-01 12:29:08 +0200


Started GET "/assets/application.js?body=1" for 127.0.0.1 at 2014-09-01 12:29:08 +0200


Started GET "/" for 127.0.0.1 at 2014-09-01 20:30:57 +0200
Processing by PagesController#home as HTML
  Rendered pages/home.html.erb within layouts/application (1.4ms)
Completed 200 OK in 50ms (Views: 40.8ms | ActiveRecord: 0.0ms)


Started GET "/assets/pages.css?body=1" for 127.0.0.1 at 2014-09-01 20:30:58 +0200


Started GET "/assets/turbolinks.js?body=1" for 127.0.0.1 at 2014-09-01 20:30:58 +0200


Started GET "/assets/jquery_ujs.js?body=1" for 127.0.0.1 at 2014-09-01 20:30:58 +0200


Started GET "/assets/jquery.js?body=1" for 127.0.0.1 at 2014-09-01 20:30:58 +0200


Started GET "/assets/application.css?body=1" for 127.0.0.1 at 2014-09-01 20:30:58 +0200


Started GET "/assets/pages.js?body=1" for 127.0.0.1 at 2014-09-01 20:30:58 +0200


Started GET "/assets/application.js?body=1" for 127.0.0.1 at 2014-09-01 20:30:58 +0200
